<?xml version="1.0" encoding="UTF-8"?>
<testsuite xmlns:xsi="http://www.w3.org/2001/XMLSchema-instance" xsi:noNamespaceSchemaLocation="https://maven.apache.org/surefire/maven-surefire-plugin/xsd/surefire-test-report-3.0.xsd" version="3.0" name="test_java.LoginTest" time="0.048" tests="4" errors="0" skipped="0" failures="0">
  <properties>
[...]
</properties>
  <testcase name="testLoginFailWrongUsername" classname="test_java.LoginTest" time="0.026"/>
  <testcase name="testLoginSuccess" classname="test_java.LoginTest" time="0.001"/>
  <testcase name="testLoginFailWrongPassword" classname="test_java.LoginTest" time="0.001"/>
  <testcase name="testLoginFailBothWrong" classname="test_java.LoginTest" time="0.002"/>
</testsuite>